<?xml version="1.0" encoding="UTF-8"?>
<!-- Generated by org.testng.reporters.JUnitXMLReporter -->
<testsuite hostname="ASDP1534PO01976" name="Default test" tests="10" failures="0" timestamp="31 Aug 2018 09:50:49 GMT" time="18.252" errors="0">
  <testcase name="isHrisLoginSuccessfullWithNoUsernameAndNoPassword" time="2.421" classname="com.qait.demo.tests.HrisTestFile"/>
  <testcase name="isHrisLoginSuccessfullWithUsernameAndNoPassword" time="0.514" classname="com.qait.demo.tests.HrisTestFile"/>
  <testcase name="isHrisLoginSuccessfullWithValidUsernameAndinvalidPassword" time="1.808" classname="com.qait.demo.tests.HrisTestFile"/>
  <testcase name="isHrisLoginSuccessfullWithnoUsernameAndValidPassword" time="0.579" classname="com.qait.demo.tests.HrisTestFile"/>
  <testcase name="IsHrisLoginSuccessfull" time="4.761" classname="com.qait.demo.tests.HrisTestFile"/>
  <testcase name="isTimeSheetPageTitleDisplayed" time="0.009" classname="com.qait.demo.tests.HrisTestFile"/>
  <testcase name="isTimeSheetPageHeaderDisplayed" time="0.077" classname="com.qait.demo.tests.HrisTestFile"/>
  <testcase name="isTimeSheetPageProfileTxtDisplayed" time="0.065" classname="com.qait.demo.tests.HrisTestFile"/>
  <testcase name="IsTimeSheetPageDisplayed" time="1.956" classname="com.qait.demo.tests.HrisTestFile"/>
  <testcase name="checkPersonalDetailsonHris" time="0.041" classname="com.qait.demo.tests.HrisTestFile"/>
</testsuite> <!-- Default test -->
